<?xml version="1.0" encoding="UTF-8"?>
<!-- Generated by org.testng.reporters.JUnitXMLReporter -->
<testsuite ignored="0" hostname="DESKTOP-BEUPF5V" failures="0" tests="4" name="Test Basics 2" time="1.734" errors="0" timestamp="2021-09-08T07:48:27 IST">
  <testcase classname="restAssuredTesting.ComplexPayload" name="hashMap" time="0.552"/>
  <testcase classname="restAssuredTesting.ComplexPayload" name="jsonObject" time="0.485"/>
  <testcase classname="restAssuredTesting.DataDrivenUsingParam" name="User" time="0.365"/>
  <testcase classname="restAssuredTesting.DataDrivenUsingParam" name="User" time="0.322"/>
</testsuite> <!-- Test Basics 2 -->
