<?xml version="1.0" encoding="UTF-8"?>
<!-- Generated by org.testng.reporters.JUnitXMLReporter -->
<testsuite ignored="0" hostname="DESKTOP-5J8SKJE" failures="0" tests="4" name="Test Basics 2" time="2.843" errors="0" timestamp="2021-06-08T10:52:20 IST">
  <testcase classname="restAssuredTesting.ComplexPayload" name="hashMap" time="0.898"/>
  <testcase classname="restAssuredTesting.ComplexPayload" name="jsonObject" time="0.748"/>
  <testcase classname="restAssuredTesting.DataDrivenUsingParam" name="User" time="0.577"/>
  <testcase classname="restAssuredTesting.DataDrivenUsingParam" name="User" time="0.614"/>
</testsuite> <!-- Test Basics 2 -->
