<?xml version="1.0" encoding="UTF-8"?>
<testng-results ignored="0" total="6" passed="6" failed="0" skipped="0">
  <reporter-output>
  </reporter-output>
  <suite started-at="2021-06-08T10:52:15 IST" name="Practice Suite" finished-at="2021-06-08T10:52:20 IST" duration-ms="5837">
    <groups>
    </groups>
    <test started-at="2021-06-08T10:52:15 IST" name="Test Basics 1" finished-at="2021-06-08T10:52:18 IST" duration-ms="2944">
      <class name="restAssuredTesting.PostOperation">
        <test-method signature="post()[pri:0, instance:restAssuredTesting.PostOperation@6c130c45]" started-at="2021-06-08T10:52:16 IST" name="post" finished-at="2021-06-08T10:52:18 IST" duration-ms="1143" status="PASS">
          <reporter-output>
          </reporter-output>
        </test-method> <!-- post -->
      </class> <!-- restAssuredTesting.PostOperation -->
      <class name="restAssuredTesting.GetOperation">
        <test-method signature="getDetails()[pri:0, instance:restAssuredTesting.GetOperation@6a84a97d]" started-at="2021-06-08T10:52:15 IST" name="getDetails" finished-at="2021-06-08T10:52:16 IST" duration-ms="1775" status="PASS">
          <reporter-output>
          </reporter-output>
        </test-method> <!-- getDetails -->
      </class> <!-- restAssuredTesting.GetOperation -->
    </test> <!-- Test Basics 1 -->
    <test started-at="2021-06-08T10:52:18 IST" name="Test Basics 2" finished-at="2021-06-08T10:52:20 IST" duration-ms="2843">
      <class name="restAssuredTesting.ComplexPayload">
        <test-method signature="hashMap()[pri:0, instance:restAssuredTesting.ComplexPayload@53fdffa1]" started-at="2021-06-08T10:52:18 IST" name="hashMap" finished-at="2021-06-08T10:52:18 IST" duration-ms="898" status="PASS">
          <reporter-output>
          </reporter-output>
        </test-method> <!-- hashMap -->
        <test-method signature="jsonObject()[pri:0, instance:restAssuredTesting.ComplexPayload@53fdffa1]" started-at="2021-06-08T10:52:18 IST" name="jsonObject" finished-at="2021-06-08T10:52:19 IST" duration-ms="748" status="PASS">
          <reporter-output>
          </reporter-output>
        </test-method> <!-- jsonObject -->
      </class> <!-- restAssuredTesting.ComplexPayload -->
      <class name="restAssuredTesting.DataDrivenUsingParam">
        <test-method signature="User(java.lang.String, java.lang.String)[pri:0, instance:restAssuredTesting.DataDrivenUsingParam@5562c41e]" started-at="2021-06-08T10:52:19 IST" name="User" data-provider="userDetails" finished-at="2021-06-08T10:52:20 IST" duration-ms="577" status="PASS">
          <params>
            <param index="0">
              <value>
                <![CDATA[morpheus]]>
              </value>
            </param>
            <param index="1">
              <value>
                <![CDATA[leader]]>
              </value>
            </param>
          </params>
          <reporter-output>
          </reporter-output>
        </test-method> <!-- User -->
        <test-method signature="User(java.lang.String, java.lang.String)[pri:0, instance:restAssuredTesting.DataDrivenUsingParam@5562c41e]" started-at="2021-06-08T10:52:20 IST" name="User" data-provider="userDetails" finished-at="2021-06-08T10:52:20 IST" duration-ms="614" status="PASS">
          <params>
            <param index="0">
              <value>
                <![CDATA[Abc]]>
              </value>
            </param>
            <param index="1">
              <value>
                <![CDATA[PQR]]>
              </value>
            </param>
          </params>
          <reporter-output>
          </reporter-output>
        </test-method> <!-- User -->
      </class> <!-- restAssuredTesting.DataDrivenUsingParam -->
    </test> <!-- Test Basics 2 -->
  </suite> <!-- Practice Suite -->
</testng-results>
