<?xml version="1.0" encoding="UTF-8"?>
<testng-results ignored="0" total="1" passed="1" failed="0" skipped="0">
  <reporter-output>
  </reporter-output>
  <suite started-at="2021-10-23T08:26:49 IST" name="Default suite" finished-at="2021-10-23T08:26:51 IST" duration-ms="2224">
    <groups>
    </groups>
    <test started-at="2021-10-23T08:26:49 IST" name="Default test" finished-at="2021-10-23T08:26:51 IST" duration-ms="2224">
      <class name="restAssuredTesting.PostOperation">
        <test-method signature="post()[pri:0, instance:restAssuredTesting.PostOperation@18d87d80]" started-at="2021-10-23T08:26:49 IST" name="post" finished-at="2021-10-23T08:26:51 IST" duration-ms="2185" status="PASS">
          <reporter-output>
          </reporter-output>
        </test-method> <!-- post -->
      </class> <!-- restAssuredTesting.PostOperation -->
    </test> <!-- Default test -->
  </suite> <!-- Default suite -->
</testng-results>
